<?xml version="1.0" encoding="UTF-8"?>
<testsuite name="pascal.taie.analysis.pta.TaintTest" tests="1" skipped="0" failures="1" errors="0" timestamp="2021-12-24T11:09:09" hostname="LAPTOP-8VRVUC56" time="4.974">
  <properties/>
  <testcase name="testStringAppend" classname="pascal.taie.analysis.pta.TaintTest" time="4.974">
    <failure message="pascal.taie.util.AnalysisException: Mismatches of taint flow(s)&#10;TaintFlow{&lt;StringAppend: void stringAdd()&gt;[0@L10] temp$0 = invokestatic &lt;SourceSink: java.lang.String source()&gt;(); -&gt; &lt;StringAppend: void stringAdd()&gt;[11@L12] invokestatic &lt;SourceSink: void sink(java.lang.String)&gt;(s);/0} should be included" type="pascal.taie.util.AnalysisException">pascal.taie.util.AnalysisException: Mismatches of taint flow(s)
TaintFlow{&lt;StringAppend: void stringAdd()&gt;[0@L10] temp$0 = invokestatic &lt;SourceSink: java.lang.String source()&gt;(); -&gt; &lt;StringAppend: void stringAdd()&gt;[11@L12] invokestatic &lt;SourceSink: void sink(java.lang.String)&gt;(s);/0} should be included
	at pascal.taie.analysis.pta.plugin.ResultProcessor.compareTaintFlows(ResultProcessor.java:255)
	at pascal.taie.analysis.pta.plugin.ResultProcessor.process(ResultProcessor.java:79)
	at pascal.taie.analysis.pta.cs.CSPTA.analyze(CSPTA.java:48)
	at pascal.taie.analysis.pta.cs.CSPTA.analyze(CSPTA.java:32)
	at pascal.taie.analysis.AnalysisManager.runInterproceduralAnalysis(AnalysisManager.java:124)
	at pascal.taie.analysis.AnalysisManager.runAnalysis(AnalysisManager.java:62)
	at pascal.taie.analysis.AnalysisManager.lambda$execute$0(AnalysisManager.java:49)
	at pascal.taie.util.Timer.lambda$runAndCount$0(Timer.java:102)
	at pascal.taie.util.Timer.runAndCount(Timer.java:83)
	at pascal.taie.util.Timer.runAndCount(Timer.java:101)
	at pascal.taie.util.Timer.runAndCount(Timer.java:97)
	at pascal.taie.analysis.AnalysisManager.lambda$execute$1(AnalysisManager.java:48)
	at java.base/java.util.ArrayList.forEach(ArrayList.java:1511)
	at pascal.taie.analysis.AnalysisManager.execute(AnalysisManager.java:48)
	at pascal.taie.Main.executePlan(Main.java:128)
	at pascal.taie.Main.lambda$main$0(Main.java:46)
	at pascal.taie.util.Timer.lambda$runAndCount$0(Timer.java:102)
	at pascal.taie.util.Timer.runAndCount(Timer.java:83)
	at pascal.taie.util.Timer.runAndCount(Timer.java:101)
	at pascal.taie.util.Timer.runAndCount(Timer.java:97)
	at pascal.taie.Main.main(Main.java:38)
	at pascal.taie.analysis.Tests.doTestPTA(Tests.java:74)
	at pascal.taie.analysis.Tests.testCSPTA(Tests.java:42)
	at pascal.taie.analysis.pta.TaintTest.testStringAppend(TaintTest.java:42)
	at java.base/jdk.internal.reflect.NativeMethodAccessorImpl.invoke0(Native Method)
	at java.base/jdk.internal.reflect.NativeMethodAccessorImpl.invoke(NativeMethodAccessorImpl.java:64)
	at java.base/jdk.internal.reflect.DelegatingMethodAccessorImpl.invoke(DelegatingMethodAccessorImpl.java:43)
	at java.base/java.lang.reflect.Method.invoke(Method.java:564)
	at org.junit.runners.model.FrameworkMethod$1.runReflectiveCall(FrameworkMethod.java:59)
	at org.junit.internal.runners.model.ReflectiveCallable.run(ReflectiveCallable.java:12)
	at org.junit.runners.model.FrameworkMethod.invokeExplosively(FrameworkMethod.java:56)
	at org.junit.internal.runners.statements.InvokeMethod.evaluate(InvokeMethod.java:17)
	at org.junit.runners.ParentRunner$3.evaluate(ParentRunner.java:306)
	at org.junit.runners.BlockJUnit4ClassRunner$1.evaluate(BlockJUnit4ClassRunner.java:100)
	at org.junit.runners.ParentRunner.runLeaf(ParentRunner.java:366)
	at org.junit.runners.BlockJUnit4ClassRunner.runChild(BlockJUnit4ClassRunner.java:103)
	at org.junit.runners.BlockJUnit4ClassRunner.runChild(BlockJUnit4ClassRunner.java:63)
	at org.junit.runners.ParentRunner$4.run(ParentRunner.java:331)
	at org.junit.runners.ParentRunner$1.schedule(ParentRunner.java:79)
	at org.junit.runners.ParentRunner.runChildren(ParentRunner.java:329)
	at org.junit.runners.ParentRunner.access$100(ParentRunner.java:66)
	at org.junit.runners.ParentRunner$2.evaluate(ParentRunner.java:293)
	at org.junit.runners.ParentRunner$3.evaluate(ParentRunner.java:306)
	at org.junit.runners.ParentRunner.run(ParentRunner.java:413)
	at org.gradle.api.internal.tasks.testing.junit.JUnitTestClassExecutor.runTestClass(JUnitTestClassExecutor.java:110)
	at org.gradle.api.internal.tasks.testing.junit.JUnitTestClassExecutor.execute(JUnitTestClassExecutor.java:58)
	at org.gradle.api.internal.tasks.testing.junit.JUnitTestClassExecutor.execute(JUnitTestClassExecutor.java:38)
	at org.gradle.api.internal.tasks.testing.junit.AbstractJUnitTestClassProcessor.processTestClass(AbstractJUnitTestClassProcessor.java:62)
	at org.gradle.api.internal.tasks.testing.SuiteTestClassProcessor.processTestClass(SuiteTestClassProcessor.java:51)
	at java.base/jdk.internal.reflect.NativeMethodAccessorImpl.invoke0(Native Method)
	at java.base/jdk.internal.reflect.NativeMethodAccessorImpl.invoke(NativeMethodAccessorImpl.java:64)
	at java.base/jdk.internal.reflect.DelegatingMethodAccessorImpl.invoke(DelegatingMethodAccessorImpl.java:43)
	at java.base/java.lang.reflect.Method.invoke(Method.java:564)
	at org.gradle.internal.dispatch.ReflectionDispatch.dispatch(ReflectionDispatch.java:36)
	at org.gradle.internal.dispatch.ReflectionDispatch.dispatch(ReflectionDispatch.java:24)
	at org.gradle.internal.dispatch.ContextClassLoaderDispatch.dispatch(ContextClassLoaderDispatch.java:33)
	at org.gradle.internal.dispatch.ProxyDispatchAdapter$DispatchingInvocationHandler.invoke(ProxyDispatchAdapter.java:94)
	at com.sun.proxy.$Proxy2.processTestClass(Unknown Source)
	at org.gradle.api.internal.tasks.testing.worker.TestWorker.processTestClass(TestWorker.java:121)
	at java.base/jdk.internal.reflect.NativeMethodAccessorImpl.invoke0(Native Method)
	at java.base/jdk.internal.reflect.NativeMethodAccessorImpl.invoke(NativeMethodAccessorImpl.java:64)
	at java.base/jdk.internal.reflect.DelegatingMethodAccessorImpl.invoke(DelegatingMethodAccessorImpl.java:43)
	at java.base/java.lang.reflect.Method.invoke(Method.java:564)
	at org.gradle.internal.dispatch.ReflectionDispatch.dispatch(ReflectionDispatch.java:36)
	at org.gradle.internal.dispatch.ReflectionDispatch.dispatch(ReflectionDispatch.java:24)
	at org.gradle.internal.remote.internal.hub.MessageHubBackedObjectConnection$DispatchWrapper.dispatch(MessageHubBackedObjectConnection.java:182)
	at org.gradle.internal.remote.internal.hub.MessageHubBackedObjectConnection$DispatchWrapper.dispatch(MessageHubBackedObjectConnection.java:164)
	at org.gradle.internal.remote.internal.hub.MessageHub$Handler.run(MessageHub.java:414)
	at org.gradle.internal.concurrent.ExecutorPolicy$CatchAndRecordFailures.onExecute(ExecutorPolicy.java:64)
	at org.gradle.internal.concurrent.ManagedExecutorImpl$1.run(ManagedExecutorImpl.java:48)
	at java.base/java.util.concurrent.ThreadPoolExecutor.runWorker(ThreadPoolExecutor.java:1130)
	at java.base/java.util.concurrent.ThreadPoolExecutor$Worker.run(ThreadPoolExecutor.java:630)
	at org.gradle.internal.concurrent.ThreadFactoryImpl$ManagedThreadRunnable.run(ThreadFactoryImpl.java:56)
	at java.base/java.lang.Thread.run(Thread.java:832)
</failure>
  </testcase>
  <system-out><![CDATA[Tai-e starts ...
Writing options to output\options.yml
Writing analysis plan to output\tai-e-plan.yml
WorldBuilder starts ...
9716 classes with 96112 methods in the world
WorldBuilder finishes, elapsed time: 3.96s
class-dumper starts ...
Dumping 2 classes to output ...
class-dumper finishes, elapsed time: 0.05s
cspta starts ...
TaintConfig:
sources:
  <SourceSink: java.lang.String source()>(java.lang.String)
  <SourceSink: java.lang.String sourceAndSink(java.lang.String,java.lang.String)>(java.lang.String)

sinks:
  <SourceSink: void sink(java.lang.String)>/0
  <SourceSink: void sink(java.lang.String,int)>/0
  <SourceSink: void sink(java.lang.String,java.lang.String)>/1
  <SourceSink: java.lang.String sourceAndSink(java.lang.String,java.lang.String)>/0

transfers:
  <java.lang.StringBuffer: java.lang.String toString()>: base -> result(java.lang.String)
  <java.lang.StringBuffer: java.lang.StringBuffer append(java.lang.String)>: 0 -> base(java.lang.StringBuffer)
  <java.lang.StringBuilder: java.lang.String toString()>: base -> result(java.lang.String)
  <java.lang.String: java.lang.String concat(java.lang.String)>: 0 -> result(java.lang.String)
  <java.lang.String: char[] toCharArray()>: base -> result(char[])
  <java.lang.StringBuffer: java.lang.StringBuffer append(java.lang.Object)>: 0 -> base(java.lang.StringBuffer)
  <java.lang.String: void <init>(char[])>: 0 -> base(java.lang.String)
  <java.lang.String: java.lang.String concat(java.lang.String)>: base -> result(java.lang.String)
  <java.lang.StringBuilder: java.lang.StringBuilder append(java.lang.Object)>: 0 -> base(java.lang.StringBuilder)
  <java.lang.StringBuilder: java.lang.StringBuilder append(java.lang.String)>: 0 -> base(java.lang.StringBuilder)

-------------- Pointer analysis statistics: --------------
#var pointers:                473 (insens) / 473 (sens)
#var points-to:               755 (insens) / 755 (sens)
#static field points-to:      0 (sens)
#instance field points-to:    110 (sens)
#array points-to:             0 (sens)
#reachable methods:           85 (insens) / 85 (sens)
#call graph edges:            182 (insens) / 182 (sens)
----------------------------------------
Comparing taint flows with src\test\resources\pta\taint\StringAppend-expected.txt ...
]]></system-out>
  <system-err><![CDATA[]]></system-err>
</testsuite>
